[debug] [2021-06-28T23:03:17.592Z] ----------------------------------------------------------------------
[debug] [2021-06-28T23:03:17.601Z] Command:       C:\Program Files\nodejs\node.exe C:\Users\Miauuu\AppData\Roaming\npm\node_modules\firebase-tools\lib\bin\firebase.js init
[debug] [2021-06-28T23:03:17.602Z] CLI Version:   9.14.0
[debug] [2021-06-28T23:03:17.602Z] Platform:      win32
[debug] [2021-06-28T23:03:17.603Z] Node Version:  v12.22.1
[debug] [2021-06-28T23:03:18.128Z] Time:          Mon Jun 28 2021 20:03:17 GMT-0300 (GMT-03:00)
[debug] [2021-06-28T23:03:18.129Z] ----------------------------------------------------------------------
[debug] 
[debug] [2021-06-28T23:03:18.214Z] > command requires scopes: ["email","openid","https://www.googleapis.com/auth/cloudplatformprojects.readonly","https://www.googleapis.com/auth/firebase","https://www.googleapis.com/auth/cloud-platform"]
[debug] [2021-06-28T23:03:18.215Z] > authorizing via signed-in user (victorrsoficial@gmail.com)
[info] 
     ######## #### ########  ######## ########     ###     ######  ########
     ##        ##  ##     ## ##       ##     ##  ##   ##  ##       ##
     ######    ##  ########  ######   ########  #########  ######  ######
     ##        ##  ##    ##  ##       ##     ## ##     ##       ## ##
     ##       #### ##     ## ######## ########  ##     ##  ######  ########

You're about to initialize a Firebase project in this directory:

  C:\Users\Miauuu\Desktop\Letmeask

Before we get started, keep in mind:

  * You are initializing within an existing Firebase project directory

